<?xml version="1.0" encoding="UTF-8"?>
<!-- Generated by org.testng.reporters.JUnitReportReporter -->
<testsuite skipped="0" hostname="CybertekSchools-iMac-2.local" name="com.bookit.tests.APIDay3" tests="1" failures="0" timestamp="16 Jan 2019 17:52:48 GMT" time="0.218" errors="0">
  <testcase name="jacksonExample" time="0.218" classname="com.bookit.tests.APIDay3"/>
</testsuite> <!-- com.bookit.tests.APIDay3 -->
