<?xml version="1.0" encoding="UTF-8"?>
<!-- Generated by org.testng.reporters.JUnitReportReporter -->
<testsuite skipped="0" hostname="CybertekSchools-iMac-2.local" name="com.bookit.tests.APIDay2" tests="1" failures="0" timestamp="15 Jan 2019 20:35:57 GMT" time="1.625" errors="0">
  <testcase name="employeesWithParams" time="1.625" classname="com.bookit.tests.APIDay2"/>
</testsuite> <!-- com.bookit.tests.APIDay2 -->
