<?xml version="1.0" encoding="UTF-8"?>
<!-- Generated by org.testng.reporters.JUnitReportReporter -->
<testsuite skipped="0" hostname="CybertekSchools-iMac-2.local" name="com.bookit.tests.APIDay1" tests="1" failures="0" timestamp="15 Jan 2019 14:38:42 GMT" time="1.434" errors="0">
  <testcase name="testWithJsonPath" time="1.434" classname="com.bookit.tests.APIDay1"/>
</testsuite> <!-- com.bookit.tests.APIDay1 -->
